Release 14.7 - xst P.20131013 (lin64)
Copyright (c) 1995-2013 Xilinx, Inc.  All rights reserved.
--> 
Parameter TMPDIR set to xst/projnav.tmp


Total REAL time to Xst completion: 0.00 secs
Total CPU time to Xst completion: 0.05 secs
 
--> 
Parameter xsthdpdir set to xst


Total REAL time to Xst completion: 0.00 secs
Total CPU time to Xst completion: 0.05 secs
 
--> 
Reading design: ALU.prj

TABLE OF CONTENTS
  1) Synthesis Options Summary
  2) HDL Compilation
  3) Design Hierarchy Analysis
  4) HDL Analysis
  5) HDL Synthesis
     5.1) HDL Synthesis Report
  6) Advanced HDL Synthesis
     6.1) Advanced HDL Synthesis Report
  7) Low Level Synthesis
  8) Partition Report
  9) Final Report
	9.1) Device utilization summary
	9.2) Partition Resource Summary
	9.3) TIMING REPORT


=========================================================================
*                      Synthesis Options Summary                        *
=========================================================================
---- Source Parameters
Input File Name                    : "ALU.prj"
Input Format                       : mixed
Ignore Synthesis Constraint File   : NO

---- Target Parameters
Output File Name                   : "ALU"
Output Format                      : NGC
Target Device                      : xc3s1200e-4-fg320

---- Source Options
Top Module Name                    : ALU
Automatic FSM Extraction           : YES
FSM Encoding Algorithm             : Auto
Safe Implementation                : No
FSM Style                          : LUT
RAM Extraction                     : Yes
RAM Style                          : Auto
ROM Extraction                     : Yes
Mux Style                          : Auto
Decoder Extraction                 : YES
Priority Encoder Extraction        : Yes
Shift Register Extraction          : YES
Logical Shifter Extraction         : YES
XOR Collapsing                     : YES
ROM Style                          : Auto
Mux Extraction                     : Yes
Resource Sharing                   : YES
Asynchronous To Synchronous        : NO
Multiplier Style                   : Auto
Automatic Register Balancing       : No

---- Target Options
Add IO Buffers                     : YES
Global Maximum Fanout              : 500
Add Generic Clock Buffer(BUFG)     : 24
Register Duplication               : YES
Slice Packing                      : YES
Optimize Instantiated Primitives   : NO
Use Clock Enable                   : Yes
Use Synchronous Set                : Yes
Use Synchronous Reset              : Yes
Pack IO Registers into IOBs        : Auto
Equivalent register Removal        : YES

---- General Options
Optimization Goal                  : Speed
Optimization Effort                : 1
Keep Hierarchy                     : No
Netlist Hierarchy                  : As_Optimized
RTL Output                         : Yes
Global Optimization                : AllClockNets
Read Cores                         : YES
Write Timing Constraints           : NO
Cross Clock Analysis               : NO
Hierarchy Separator                : /
Bus Delimiter                      : <>
Case Specifier                     : Maintain
Slice Utilization Ratio            : 100
BRAM Utilization Ratio             : 100
Verilog 2001                       : YES
Auto BRAM Packing                  : NO
Slice Utilization Ratio Delta      : 5

=========================================================================


=========================================================================
*                          HDL Compilation                              *
=========================================================================
Compiling vhdl file "/home/qsz/CPUX/ALU.vhd" in Library work.
Entity <alu> compiled.
Entity <ALU> (Architecture <Behavioral>) compiled.

=========================================================================
*                     Design Hierarchy Analysis                         *
=========================================================================
Analyzing hierarchy for entity <ALU> in library <work> (architecture <Behavioral>).


=========================================================================
*                            HDL Analysis                               *
=========================================================================
Analyzing Entity <ALU> in library <work> (Architecture <Behavioral>).
Entity <ALU> analyzed. Unit <ALU> generated.


=========================================================================
*                           HDL Synthesis                               *
=========================================================================

Performing bidirectional port resolution...

Synthesizing Unit <ALU>.
    Related source file is "/home/qsz/CPUX/ALU.vhd".
WARNING:Xst:647 - Input <clk> is never used. This port will be preserved and left unconnected if it belongs to a top-level block or it belongs to a sub-block and the hierarchy of this sub-block is preserved.
    Found 16-bit 8-to-1 multiplexer for signal <alu_out>.
    Found 16-bit addsub for signal <alu_out$addsub0000>.
    Found 16-bit shifter logical left for signal <alu_out$shift0002> created at line 34.
    Found 16-bit shifter logical right for signal <alu_out$shift0003> created at line 36.
    Found 16-bit xor2 for signal <alu_out$xor0000> created at line 30.
    Summary:
	inferred   1 Adder/Subtractor(s).
	inferred  16 Multiplexer(s).
	inferred   2 Combinational logic shifter(s).
Unit <ALU> synthesized.

INFO:Xst:1767 - HDL ADVISOR - Resource sharing has identified that some arithmetic operations in this design can share the same physical resources for reduced device utilization. For improved clock frequency you may try to disable resource sharing.

=========================================================================
HDL Synthesis Report

Macro Statistics
# Adders/Subtractors                                   : 1
 16-bit addsub                                         : 1
# Multiplexers                                         : 1
 16-bit 8-to-1 multiplexer                             : 1
# Logic shifters                                       : 2
 16-bit shifter logical left                           : 1
 16-bit shifter logical right                          : 1
# Xors                                                 : 1
 16-bit xor2                                           : 1

=========================================================================

=========================================================================
*                       Advanced HDL Synthesis                          *
=========================================================================


=========================================================================
Advanced HDL Synthesis Report

Macro Statistics
# Adders/Subtractors                                   : 1
 16-bit addsub                                         : 1
# Multiplexers                                         : 1
 16-bit 8-to-1 multiplexer                             : 1
# Logic shifters                                       : 2
 16-bit shifter logical left                           : 1
 16-bit shifter logical right                          : 1
# Xors                                                 : 1
 16-bit xor2                                           : 1

=========================================================================

=========================================================================
*                         Low Level Synthesis                           *
=========================================================================

Optimizing unit <ALU> ...

Mapping all equations...
Building and optimizing final netlist ...
Found area constraint ratio of 100 (+ 5) on block ALU, actual ratio is 1.

Final Macro Processing ...

=========================================================================
Final Register Report

Found no macro
=========================================================================

=========================================================================
*                           Partition Report                            *
=========================================================================

Partition Implementation Status
-------------------------------

  No Partitions were found in this design.

-------------------------------

=========================================================================
*                            Final Report                               *
=========================================================================
Final Results
RTL Top Level Output File Name     : ALU.ngr
Top Level Output File Name         : ALU
Output Format                      : NGC
Optimization Goal                  : Speed
Keep Hierarchy                     : No

Design Statistics
# IOs                              : 52

Cell Usage :
# BELS                             : 306
#      LUT1                        : 16
#      LUT2                        : 2
#      LUT3                        : 109
#      LUT4                        : 78
#      MUXCY                       : 15
#      MUXF5                       : 54
#      MUXF6                       : 16
#      XORCY                       : 16
# IO Buffers                       : 51
#      IBUF                        : 35
#      OBUF                        : 16
=========================================================================

Device utilization summary:
---------------------------

Selected Device : 3s1200efg320-4 

 Number of Slices:                      109  out of   8672     1%  
 Number of 4 input LUTs:                205  out of  17344     1%  
 Number of IOs:                          52
 Number of bonded IOBs:                  51  out of    250    20%  

---------------------------
Partition Resource Summary:
---------------------------

  No Partitions were found in this design.

---------------------------


=========================================================================
TIMING REPORT

NOTE: THESE TIMING NUMBERS ARE ONLY A SYNTHESIS ESTIMATE.
      FOR ACCURATE TIMING INFORMATION PLEASE REFER TO THE TRACE REPORT
      GENERATED AFTER PLACE-and-ROUTE.

Clock Information:
------------------
No clock signals found in this design

Asynchronous Control Signals Information:
----------------------------------------
No asynchronous control signals found in this design

Timing Summary:
---------------
Speed Grade: -4

   Minimum period: No path found
   Minimum input arrival time before clock: No path found
   Maximum output required time after clock: No path found
   Maximum combinational path delay: 12.986ns

Timing Detail:
--------------
All values displayed in nanoseconds (ns)

=========================================================================
Timing constraint: Default path analysis
  Total number of paths / destination ports: 2169 / 16
-------------------------------------------------------------------------
Delay:               12.986ns (Levels of Logic = 23)
  Source:            alu_op<0> (PAD)
  Destination:       alu_out<15> (PAD)

  Data Path: alu_op<0> to alu_out<15>
                                Gate     Net
    Cell:in->out      fanout   Delay   Delay  Logical Name (Net Name)
    ----------------------------------------  ------------
     IBUF:I->O            49   1.218   1.347  alu_op_0_IBUF (alu_op_0_IBUF)
     LUT3:I1->O           17   0.704   1.086  alu_out_mux00002 (alu_out_mux0000)
     LUT3:I2->O            1   0.704   0.000  Maddsub_alu_out_addsub0000_lut<0> (Maddsub_alu_out_addsub0000_lut<0>)
     MUXCY:S->O            1   0.464   0.000  Maddsub_alu_out_addsub0000_cy<0> (Maddsub_alu_out_addsub0000_cy<0>)
     MUXCY:CI->O           1   0.059   0.000  Maddsub_alu_out_addsub0000_cy<1> (Maddsub_alu_out_addsub0000_cy<1>)
     MUXCY:CI->O           1   0.059   0.000  Maddsub_alu_out_addsub0000_cy<2> (Maddsub_alu_out_addsub0000_cy<2>)
     MUXCY:CI->O           1   0.059   0.000  Maddsub_alu_out_addsub0000_cy<3> (Maddsub_alu_out_addsub0000_cy<3>)
     MUXCY:CI->O           1   0.059   0.000  Maddsub_alu_out_addsub0000_cy<4> (Maddsub_alu_out_addsub0000_cy<4>)
     MUXCY:CI->O           1   0.059   0.000  Maddsub_alu_out_addsub0000_cy<5> (Maddsub_alu_out_addsub0000_cy<5>)
     MUXCY:CI->O           1   0.059   0.000  Maddsub_alu_out_addsub0000_cy<6> (Maddsub_alu_out_addsub0000_cy<6>)
     MUXCY:CI->O           1   0.059   0.000  Maddsub_alu_out_addsub0000_cy<7> (Maddsub_alu_out_addsub0000_cy<7>)
     MUXCY:CI->O           1   0.059   0.000  Maddsub_alu_out_addsub0000_cy<8> (Maddsub_alu_out_addsub0000_cy<8>)
     MUXCY:CI->O           1   0.059   0.000  Maddsub_alu_out_addsub0000_cy<9> (Maddsub_alu_out_addsub0000_cy<9>)
     MUXCY:CI->O           1   0.059   0.000  Maddsub_alu_out_addsub0000_cy<10> (Maddsub_alu_out_addsub0000_cy<10>)
     MUXCY:CI->O           1   0.059   0.000  Maddsub_alu_out_addsub0000_cy<11> (Maddsub_alu_out_addsub0000_cy<11>)
     MUXCY:CI->O           1   0.059   0.000  Maddsub_alu_out_addsub0000_cy<12> (Maddsub_alu_out_addsub0000_cy<12>)
     MUXCY:CI->O           1   0.059   0.000  Maddsub_alu_out_addsub0000_cy<13> (Maddsub_alu_out_addsub0000_cy<13>)
     MUXCY:CI->O           0   0.059   0.000  Maddsub_alu_out_addsub0000_cy<14> (Maddsub_alu_out_addsub0000_cy<14>)
     XORCY:CI->O           1   0.804   0.595  Maddsub_alu_out_addsub0000_xor<15> (alu_out_addsub0000<15>)
     LUT1:I0->O            1   0.704   0.000  Mmux_alu_out_4_f5_5_rt (Mmux_alu_out_4_f5_5_rt)
     MUXF5:I0->O           1   0.321   0.000  Mmux_alu_out_4_f5_5 (Mmux_alu_out_4_f56)
     MUXF6:I0->O           1   0.521   0.420  Mmux_alu_out_2_f6_5 (alu_out_15_OBUF)
     OBUF:I->O                 3.272          alu_out_15_OBUF (alu_out<15>)
    ----------------------------------------
    Total                     12.986ns (9.538ns logic, 3.448ns route)
                                       (73.5% logic, 26.5% route)

=========================================================================


Total REAL time to Xst completion: 5.00 secs
Total CPU time to Xst completion: 4.58 secs
 
--> 


Total memory usage is 527480 kilobytes

Number of errors   :    0 (   0 filtered)
Number of warnings :    1 (   0 filtered)
Number of infos    :    1 (   0 filtered)

